[31merror[39m: GET es / - 03:35:53
[31merror[39m: GET es / - 03:35:53
[31merror[39m: hola
[31merror[39m: hola
[32minfo[39m: GET es /error - 03:37:48
[31merror[39m: hola
[31merror[39m: hola
[32minfo[39m: GET es /info - 03:37:52
[32minfo[39m: hola
[32minfo[39m: GET es /warning - 03:38:01
[31mwarning[39m: hola
[31mwarning[39m: hola
[32minfo[39m: GET es /fatal - 03:38:04
[32minfo[39m: GET es /fatal - 03:38:13
[32minfo[39m: GET es /fatal - 03:38:13
[32minfo[39m: GET es /fatal - 03:38:42
[32minfo[39m: GET es /fatal - 03:38:44
[32minfo[39m: GET es /fatal - 03:38:48
[32minfo[39m: GET es /fatal - 03:38:58
[32minfo[39m: GET es /fatal - 03:38:59
[32minfo[39m: GET es /fatal - 03:38:59
[32minfo[39m: GET es /fatal - 03:38:59
[32minfo[39m: GET es /fatal - 03:38:59
[32minfo[39m: GET es /fatal - 03:38:59
[32minfo[39m: GET es /fatal - 03:39:00
[32minfo[39m: GET es /fatal - 03:39:07
[32minfo[39m: GET es /fatal - 03:40:12
[34minfo[39m: GET es /fatal - 03:41:05
[31mfatal[39m: hola
[31mfatal[39m: hola
[34minfo[39m: GET es /warning - 03:41:08
[33mwarning[39m: hola
[33mwarning[39m: hola
[34minfo[39m: GET es /error - 03:41:24
[34minfo[39m: GET es /error - 03:42:59
[33merror[39m: hola
[33merror[39m: hola
[34minfo[39m: GET es /fatal - 03:43:05
[31mfatal[39m: hola
[31mfatal[39m: hola
[34minfo[39m: GET es /warning - 03:43:09
[36mwarning[39m: hola
[36mwarning[39m: hola
[34minfo[39m: GET es /info - 03:43:14
[34minfo[39m: hola
[34minfo[39m: GET es /debug - 03:43:17
[34minfo[39m: GET es /debug - 03:43:31
[34minfo[39m: GET es /debug - 03:43:37
[34minfo[39m: GET es /api/users - 18:33:13
[34minfo[39m: GET es /api/products - 18:33:26
[34minfo[39m: GET es /apidocs - 18:45:33
[34minfo[39m: GET es /apidocs/ - 18:45:33
[34minfo[39m: GET es /apidocs/swagger-ui.css - 18:45:33
[34minfo[39m: GET es /apidocs/swagger-ui-bundle.js - 18:45:33
[34minfo[39m: GET es /apidocs/swagger-ui-standalone-preset.js - 18:45:33
[34minfo[39m: GET es /apidocs/swagger-ui-init.js - 18:45:33
[34minfo[39m: GET es /apidocs/favicon-32x32.png - 18:45:35
[34minfo[39m: GET es /apidocs/ - 18:53:25
[34minfo[39m: GET es /apidocs/swagger-ui.css - 18:53:25
[34minfo[39m: GET es /apidocs/swagger-ui-bundle.js - 18:53:25
[34minfo[39m: GET es /apidocs/swagger-ui-standalone-preset.js - 18:53:25
[34minfo[39m: GET es /apidocs/swagger-ui-init.js - 18:53:25
[34minfo[39m: GET es /apidocs/ - 18:53:48
[34minfo[39m: GET es /apidocs/swagger-ui.css - 18:53:48
[34minfo[39m: GET es /apidocs/swagger-ui-bundle.js - 18:53:48
[34minfo[39m: GET es /apidocs/swagger-ui-standalone-preset.js - 18:53:48
[34minfo[39m: GET es /apidocs/swagger-ui-init.js - 18:53:48
[34minfo[39m: GET es /apidocs/favicon-32x32.png - 18:53:48
[34minfo[39m: GET es /api/products - 18:54:15
[34minfo[39m: GET es /apidocs/ - 18:54:18
[34minfo[39m: GET es /apidocs/swagger-ui.css - 18:54:18
[34minfo[39m: GET es /apidocs/swagger-ui-bundle.js - 18:54:18
[34minfo[39m: GET es /apidocs/swagger-ui-standalone-preset.js - 18:54:18
[34minfo[39m: GET es /apidocs/swagger-ui-init.js - 18:54:18
[34minfo[39m: GET es /apidocs/favicon-32x32.png - 18:54:18
[34minfo[39m: GET es /apidocs/ - 18:56:57
[34minfo[39m: GET es /apidocs/swagger-ui.css - 18:56:57
[34minfo[39m: GET es /apidocs/swagger-ui-bundle.js - 18:56:57
[34minfo[39m: GET es /apidocs/swagger-ui-standalone-preset.js - 18:56:57
[34minfo[39m: GET es /apidocs/swagger-ui-init.js - 18:56:57
[34minfo[39m: GET es /apidocs/favicon-32x32.png - 18:56:57
[34minfo[39m: GET es /api/products/ - 18:57:05
[34minfo[39m: GET es /api/products/ - 18:57:11
[34minfo[39m: GET es /api/products/ - 18:57:11
[34minfo[39m: GET es /api/products/ - 18:57:12
[34minfo[39m: GET es /api/products/ - 18:57:12
[34minfo[39m: GET es /api/products/ - 18:57:13
[34minfo[39m: GET es /api/products/ - 18:57:15
[34minfo[39m: GET es /api/products/ - 18:57:15
[34minfo[39m: GET es /apidocs/ - 18:57:45
[34minfo[39m: GET es /apidocs/swagger-ui.css - 18:57:45
[34minfo[39m: GET es /apidocs/swagger-ui-bundle.js - 18:57:45
[34minfo[39m: GET es /apidocs/swagger-ui-standalone-preset.js - 18:57:45
[34minfo[39m: GET es /apidocs/swagger-ui-init.js - 18:57:45
[34minfo[39m: GET es /apidocs/favicon-32x32.png - 18:57:45
[34minfo[39m: GET es /apidocs/ - 18:57:47
[34minfo[39m: GET es /apidocs/swagger-ui.css - 18:57:47
[34minfo[39m: GET es /apidocs/swagger-ui-bundle.js - 18:57:47
[34minfo[39m: GET es /apidocs/swagger-ui-standalone-preset.js - 18:57:47
[34minfo[39m: GET es /apidocs/swagger-ui-init.js - 18:57:47
[34minfo[39m: GET es /apidocs/favicon-32x32.png - 18:57:47
[34minfo[39m: GET es /api/products/ - 18:57:53
[34minfo[39m: GET es /api/products/ - 18:57:55
[34minfo[39m: GET es /api/products/ - 18:58:21
[34minfo[39m: GET es /api/products/ - 18:58:23
[34minfo[39m: GET es /api/products/ - 18:58:24
[34minfo[39m: GET es /api/products/ - 18:58:40
[34minfo[39m: GET es /api/products/ - 18:58:41
[34minfo[39m: GET es /apidocs/ - 18:58:42
[34minfo[39m: GET es /apidocs/swagger-ui.css - 18:58:42
[34minfo[39m: GET es /apidocs/swagger-ui-bundle.js - 18:58:42
[34minfo[39m: GET es /apidocs/swagger-ui-standalone-preset.js - 18:58:42
[34minfo[39m: GET es /apidocs/swagger-ui-init.js - 18:58:42
[34minfo[39m: GET es /apidocs/favicon-32x32.png - 18:58:42
[34minfo[39m: GET es /apidocs/ - 18:58:46
[34minfo[39m: GET es /apidocs/swagger-ui.css - 18:58:46
[34minfo[39m: GET es /apidocs/swagger-ui-bundle.js - 18:58:46
[34minfo[39m: GET es /apidocs/swagger-ui-standalone-preset.js - 18:58:46
[34minfo[39m: GET es /apidocs/swagger-ui-init.js - 18:58:46
[34minfo[39m: GET es /apidocs/favicon-32x32.png - 18:58:46
[34minfo[39m: GET es /apidocs/ - 18:58:53
[34minfo[39m: GET es /apidocs/swagger-ui.css - 18:58:53
[34minfo[39m: GET es /apidocs/swagger-ui-bundle.js - 18:58:53
[34minfo[39m: GET es /apidocs/swagger-ui-standalone-preset.js - 18:58:53
[34minfo[39m: GET es /apidocs/swagger-ui-init.js - 18:58:53
[34minfo[39m: GET es /apidocs/favicon-32x32.png - 18:58:53
[34minfo[39m: GET es /apidocs/ - 18:58:59
[34minfo[39m: GET es /apidocs/swagger-ui.css - 18:58:59
[34minfo[39m: GET es /apidocs/swagger-ui-bundle.js - 18:58:59
[34minfo[39m: GET es /apidocs/swagger-ui-standalone-preset.js - 18:58:59
[34minfo[39m: GET es /apidocs/swagger-ui-init.js - 18:58:59
[34minfo[39m: GET es /apidocs/favicon-32x32.png - 18:58:59
[34minfo[39m: GET es /apidocs/ - 18:59:05
[34minfo[39m: GET es /apidocs/swagger-ui.css - 18:59:05
[34minfo[39m: GET es /apidocs/swagger-ui-bundle.js - 18:59:05
[34minfo[39m: GET es /apidocs/swagger-ui-standalone-preset.js - 18:59:05
[34minfo[39m: GET es /apidocs/swagger-ui-init.js - 18:59:05
[34minfo[39m: GET es /apidocs/favicon-32x32.png - 18:59:05
[34minfo[39m: GET es /apidocs/ - 19:00:47
[34minfo[39m: GET es /apidocs/swagger-ui.css - 19:00:47
[34minfo[39m: GET es /apidocs/swagger-ui-bundle.js - 19:00:47
[34minfo[39m: GET es /apidocs/swagger-ui-standalone-preset.js - 19:00:47
[34minfo[39m: GET es /apidocs/swagger-ui-init.js - 19:00:47
[34minfo[39m: GET es /apidocs/favicon-32x32.png - 19:00:47
[34minfo[39m: GET es /apidocs/ - 19:00:58
[34minfo[39m: GET es /apidocs/swagger-ui.css - 19:00:58
[34minfo[39m: GET es /apidocs/swagger-ui-bundle.js - 19:00:58
[34minfo[39m: GET es /apidocs/swagger-ui-standalone-preset.js - 19:00:58
[34minfo[39m: GET es /apidocs/swagger-ui-init.js - 19:00:58
[34minfo[39m: GET es /apidocs/favicon-32x32.png - 19:00:58
[34minfo[39m: GET es /api/products/ - 19:01:17
[34minfo[39m: GET es /api/products/ - 19:01:19
[34minfo[39m: GET es /api/products/ - 19:01:19
[34minfo[39m: GET es /api/products/ - 19:01:20
[34minfo[39m: GET es /api/products/ - 19:01:20
[34minfo[39m: GET es /api/products/ - 19:01:21
[34minfo[39m: GET es /api/products/ - 19:01:23
[34minfo[39m: GET es /api/products/ - 19:01:25
[34minfo[39m: GET es /apidocs/ - 19:02:04
[34minfo[39m: GET es /apidocs/swagger-ui.css - 19:02:04
[34minfo[39m: GET es /apidocs/swagger-ui-bundle.js - 19:02:04
[34minfo[39m: GET es /apidocs/swagger-ui-standalone-preset.js - 19:02:04
[34minfo[39m: GET es /apidocs/swagger-ui-init.js - 19:02:04
[34minfo[39m: GET es /apidocs/favicon-32x32.png - 19:02:04
[34minfo[39m: GET es /apidocs/ - 19:02:16
[34minfo[39m: GET es /apidocs/swagger-ui.css - 19:02:16
[34minfo[39m: GET es /apidocs/swagger-ui-standalone-preset.js - 19:02:16
[34minfo[39m: GET es /apidocs/swagger-ui-bundle.js - 19:02:16
[34minfo[39m: GET es /apidocs/swagger-ui-init.js - 19:02:16
[34minfo[39m: GET es /apidocs/favicon-32x32.png - 19:02:16
[34minfo[39m: GET es /apidocs/ - 19:02:17
[34minfo[39m: GET es /apidocs/swagger-ui.css - 19:02:17
[34minfo[39m: GET es /apidocs/swagger-ui-bundle.js - 19:02:17
[34minfo[39m: GET es /apidocs/swagger-ui-standalone-preset.js - 19:02:17
[34minfo[39m: GET es /apidocs/swagger-ui-init.js - 19:02:17
[34minfo[39m: GET es /apidocs/favicon-32x32.png - 19:02:17
[34minfo[39m: GET es /apidocs/ - 19:03:09
[34minfo[39m: GET es /apidocs/swagger-ui.css - 19:03:09
[34minfo[39m: GET es /apidocs/swagger-ui-bundle.js - 19:03:09
[34minfo[39m: GET es /apidocs/swagger-ui-standalone-preset.js - 19:03:09
[34minfo[39m: GET es /apidocs/swagger-ui-init.js - 19:03:09
[34minfo[39m: GET es /apidocs/favicon-32x32.png - 19:03:09
[34minfo[39m: GET es /apidocs/ - 19:03:16
[34minfo[39m: GET es /apidocs/swagger-ui.css - 19:03:16
[34minfo[39m: GET es /apidocs/swagger-ui-bundle.js - 19:03:16
[34minfo[39m: GET es /apidocs/swagger-ui-standalone-preset.js - 19:03:16
[34minfo[39m: GET es /apidocs/swagger-ui-init.js - 19:03:16
[34minfo[39m: GET es /apidocs/favicon-32x32.png - 19:03:16
[34minfo[39m: GET es /apidocs/ - 19:03:16
[34minfo[39m: GET es /apidocs/swagger-ui.css - 19:03:16
[34minfo[39m: GET es /apidocs/swagger-ui-bundle.js - 19:03:16
[34minfo[39m: GET es /apidocs/swagger-ui-standalone-preset.js - 19:03:16
[34minfo[39m: GET es /apidocs/swagger-ui-init.js - 19:03:16
[34minfo[39m: GET es /apidocs/favicon-32x32.png - 19:03:16
[34minfo[39m: GET es /apidocs/ - 19:03:17
[34minfo[39m: GET es /apidocs/swagger-ui.css - 19:03:17
[34minfo[39m: GET es /apidocs/swagger-ui-bundle.js - 19:03:17
[34minfo[39m: GET es /apidocs/swagger-ui-standalone-preset.js - 19:03:17
[34minfo[39m: GET es /apidocs/swagger-ui-init.js - 19:03:17
[34minfo[39m: GET es /apidocs/favicon-32x32.png - 19:03:17
[34minfo[39m: GET es /api/products/ - 19:04:47
[34minfo[39m: GET es /api/products/ - 19:04:48
[34minfo[39m: GET es /apidocs/ - 19:05:15
[34minfo[39m: GET es /apidocs/swagger-ui.css - 19:05:15
[34minfo[39m: GET es /apidocs/swagger-ui-bundle.js - 19:05:15
[34minfo[39m: GET es /apidocs/swagger-ui-standalone-preset.js - 19:05:15
[34minfo[39m: GET es /apidocs/swagger-ui-init.js - 19:05:15
[34minfo[39m: GET es /apidocs/favicon-32x32.png - 19:05:15
[34minfo[39m: GET es /apidocs/ - 19:05:27
[34minfo[39m: GET es /apidocs/swagger-ui.css - 19:05:27
[34minfo[39m: GET es /apidocs/swagger-ui-bundle.js - 19:05:27
[34minfo[39m: GET es /apidocs/swagger-ui-standalone-preset.js - 19:05:27
[34minfo[39m: GET es /apidocs/swagger-ui-init.js - 19:05:27
[34minfo[39m: GET es /apidocs/favicon-32x32.png - 19:05:28
[34minfo[39m: GET es /apidocs/ - 19:09:21
[34minfo[39m: GET es /apidocs/swagger-ui.css - 19:09:21
[34minfo[39m: GET es /apidocs/swagger-ui-bundle.js - 19:09:21
[34minfo[39m: GET es /apidocs/swagger-ui-standalone-preset.js - 19:09:21
[34minfo[39m: GET es /apidocs/swagger-ui-init.js - 19:09:21
[34minfo[39m: GET es /apidocs/favicon-32x32.png - 19:09:21
[34minfo[39m: GET es /api/products - 19:11:21
[34minfo[39m: GET es /favicon.ico - 19:11:21
[34minfo[39m: GET es /api/products?limit=2 - 19:11:32
[34minfo[39m: GET es /api/products?limit=3 - 19:11:46
[34minfo[39m: GET es /api/products - 19:11:57
[34minfo[39m: GET es /api/products - 19:12:06
[34minfo[39m: GET es /api/products - 19:12:07
[34minfo[39m: GET es /api/products - 19:12:08
[34minfo[39m: GET es /api/products - 19:12:09
[34minfo[39m: GET es /api/products - 19:12:09
[34minfo[39m: GET es /api/products - 19:12:09
[34minfo[39m: GET es /api/products - 19:12:10
[34minfo[39m: GET es /api/products - 19:12:10
[34minfo[39m: GET es /api/products - 19:12:10
[34minfo[39m: GET es /api/products - 19:12:10
[34minfo[39m: GET es /api/products - 19:12:11
[34minfo[39m: GET es /api/products - 19:12:13
[34minfo[39m: GET es /api/products - 19:12:14
[34minfo[39m: GET es /api/products - 19:12:14
[34minfo[39m: GET es /api/products - 19:12:14
[34minfo[39m: GET es /api/products - 19:12:16
[34minfo[39m: GET es /api/products - 19:12:16
[34minfo[39m: GET es /api/products - 19:12:26
[34minfo[39m: GET es /apidocs/ - 19:12:29
[34minfo[39m: GET es /apidocs/swagger-ui.css - 19:12:29
[34minfo[39m: GET es /apidocs/swagger-ui-bundle.js - 19:12:29
[34minfo[39m: GET es /apidocs/swagger-ui-standalone-preset.js - 19:12:29
[34minfo[39m: GET es /apidocs/swagger-ui-init.js - 19:12:29
[34minfo[39m: GET es /api/products - 19:12:50
[34minfo[39m: GET es /api/products - 19:12:51
[34minfo[39m: GET es /api/products - 19:12:51
[34minfo[39m: GET es /api/products - 19:12:52
[34minfo[39m: GET es /api/products - 19:12:52
[34minfo[39m: GET es /api/products - 19:12:52
[34minfo[39m: GET es /api/products - 19:12:53
[34minfo[39m: GET es /api/products/3 - 19:14:14
[34minfo[39m: GET es /api/products/2 - 19:14:21
[34minfo[39m: GET es /api/products/1 - 19:14:22
[34minfo[39m: GET es /api/products/655ec2586e25aaaeaf62c4c8 - 19:14:26
[34minfo[39m: GET es /api/products/6549e73474ac2f46b11f193b - 19:14:32
[34minfo[39m: GET es /api/products:6549e73474ac2f46b11f193b - 19:14:38
[34minfo[39m: GET es /api/products/6549e73474ac2f46b11f193b - 19:14:41
[34minfo[39m: GET es /api/products/6549e73474ac2f46b11f193b - 19:15:01
[34minfo[39m: GET es /api/products/ - 19:15:04
[34minfo[39m: GET es /api/products/ - 19:15:39
[34minfo[39m: GET es /api/products/ - 19:15:49
[34minfo[39m: GET es /api/products/6549e73474ac2f46b11f193b - 19:15:53
[34minfo[39m: GET es /api/users - 19:16:13
[34minfo[39m: GET es /api/users/650f153f0233cf699c59c72d - 19:16:20
[34minfo[39m: GET es /api/users/650f153f0233cf699c59c72d - 19:16:22
[34minfo[39m: GET es /api/users - 19:16:27
[34minfo[39m: GET es /api/products/ - 19:17:19
[34minfo[39m: GET es /api/products/6549e73474ac2f46b11f193b - 19:17:27
[34minfo[39m: GET es /api/products/6549e73474ac2f46b11f193b - 19:17:28
[34minfo[39m: GET es /api/products/6549e73474ac2f46b11f193b - 19:17:52
[34minfo[39m: GET es /api/products/6549e73474ac2f46b11f193b - 19:18:25
[34minfo[39m: GET es /api/cart - 19:18:51
[34minfo[39m: GET es /api/carts - 19:18:53
[34minfo[39m: GET es /api/carts/ - 19:18:56
[34minfo[39m: GET es /api/carts/6503e2d1df337348bd9681e2 - 19:18:57
[34minfo[39m: GET es /api/products - 19:23:04
[34minfo[39m: GET es /api/products/6549e81f74ac2f46b11f1943 - 19:23:13
[34minfo[39m: GET es /api/products/6549e81f74ac2f46b11f1943 - 19:23:36
[34minfo[39m: GET es /api/products/6549e81f74ac2f46b11f1943 - 19:23:37
[34minfo[39m: GET es /api/products/6549e81f74ac2f46b11f1943 - 19:23:45
[34minfo[39m: GET es /api/products/6549e81f74ac2f46b11f1943 - 19:23:59
[34minfo[39m: GET es /api/products/6549e81f74ac2f46b11f1943 - 19:24:13
[34minfo[39m: GET es /api/carts - 19:27:41
[34minfo[39m: GET es /api/products - 19:27:48
[34minfo[39m: GET es /api/users - 19:28:05
[34minfo[39m: GET es /api/products - 19:28:08
[34minfo[39m: GET es /api/products/6549e73474ac2f46b11f193b - 19:28:52
[34minfo[39m: GET es /apidocs/ - 19:29:00
[34minfo[39m: GET es /apidocs/swagger-ui.css - 19:29:00
[34minfo[39m: GET es /apidocs/swagger-ui-bundle.js - 19:29:00
[34minfo[39m: GET es /apidocs/swagger-ui-standalone-preset.js - 19:29:00
[34minfo[39m: GET es /apidocs/swagger-ui-init.js - 19:29:00
[34minfo[39m: GET es /apidocs/favicon-32x32.png - 19:29:00
[34minfo[39m: GET es /api/products - 19:29:58
[34minfo[39m: GET es /apidocs/ - 19:40:06
[34minfo[39m: GET es /apidocs/swagger-ui.css - 19:40:06
[34minfo[39m: GET es /apidocs/swagger-ui-bundle.js - 19:40:06
[34minfo[39m: GET es /apidocs/swagger-ui-standalone-preset.js - 19:40:06
[34minfo[39m: GET es /apidocs/swagger-ui-init.js - 19:40:06
[34minfo[39m: GET es /apidocs/favicon-32x32.png - 19:40:06
[34minfo[39m: GET es /apidocs/ - 03:35:22
[34minfo[39m: GET es /apidocs/swagger-ui.css - 03:35:22
[34minfo[39m: GET es /apidocs/swagger-ui-bundle.js - 03:35:22
[34minfo[39m: GET es /apidocs/swagger-ui-standalone-preset.js - 03:35:22
[34minfo[39m: GET es /apidocs/swagger-ui-init.js - 03:35:22
[34minfo[39m: GET es /api/products - 03:35:26
[34minfo[39m: GET es /api/products - 03:35:52
[34minfo[39m: GET es /favicon.ico - 03:35:52
[34minfo[39m: GET es /apidocs/ - 03:36:13
[34minfo[39m: GET es /apidocs/swagger-ui.css - 03:36:13
[34minfo[39m: GET es /apidocs/swagger-ui-bundle.js - 03:36:13
[34minfo[39m: GET es /apidocs/swagger-ui-standalone-preset.js - 03:36:13
[34minfo[39m: GET es /apidocs/swagger-ui-init.js - 03:36:13
[34minfo[39m: GET es /apidocs/favicon-32x32.png - 03:36:13
[34minfo[39m: GET es /apidocs/ - 03:36:23
[34minfo[39m: GET es /apidocs/swagger-ui.css - 03:36:23
[34minfo[39m: GET es /apidocs/swagger-ui-bundle.js - 03:36:23
[34minfo[39m: GET es /apidocs/swagger-ui-standalone-preset.js - 03:36:23
[34minfo[39m: GET es /apidocs/swagger-ui-init.js - 03:36:23
[34minfo[39m: GET es /apidocs/favicon-32x32.png - 03:36:23
[34minfo[39m: GET es /api/products - 03:36:33
[34minfo[39m: GET es /api/products - 03:36:41
[34minfo[39m: GET es /api/products - 03:36:42
[34minfo[39m: GET es /api/products - 03:36:44
[34minfo[39m: GET es /apidocs/swagger-ui.css - 03:36:47
[34minfo[39m: GET es /apidocs/swagger-ui-bundle.js.map - 03:36:47
[34minfo[39m: GET es /apidocs/swagger-ui-standalone-preset.js.map - 03:36:47
[34minfo[39m: GET es /apidocs/swagger-ui.css.map - 03:36:47
[34minfo[39m: GET es /api/products - 03:37:40
[34minfo[39m: GET es /apidocs/ - 03:37:54
[34minfo[39m: GET es /apidocs/swagger-ui.css - 03:37:54
[34minfo[39m: GET es /apidocs/swagger-ui-bundle.js - 03:37:54
[34minfo[39m: GET es /apidocs/swagger-ui-standalone-preset.js - 03:37:54
[34minfo[39m: GET es /apidocs/swagger-ui-init.js - 03:37:54
[34minfo[39m: GET es /apidocs/favicon-32x32.png - 03:37:55
[34minfo[39m: GET es /apidocs/ - 03:38:27
[34minfo[39m: GET es /apidocs/swagger-ui.css - 03:38:27
[34minfo[39m: GET es /apidocs/swagger-ui-bundle.js - 03:38:27
[34minfo[39m: GET es /apidocs/swagger-ui-standalone-preset.js - 03:38:27
[34minfo[39m: GET es /apidocs/swagger-ui-init.js - 03:38:27
[34minfo[39m: GET es /apidocs/favicon-32x32.png - 03:38:27
[34minfo[39m: GET es /apidocs/ - 03:39:06
[34minfo[39m: GET es /apidocs/swagger-ui.css - 03:39:06
[34minfo[39m: GET es /apidocs/swagger-ui-bundle.js - 03:39:06
[34minfo[39m: GET es /apidocs/swagger-ui-standalone-preset.js - 03:39:06
[34minfo[39m: GET es /apidocs/swagger-ui-init.js - 03:39:06
[34minfo[39m: GET es /apidocs/favicon-32x32.png - 03:39:06
[34minfo[39m: GET es /apidocs/ - 03:39:57
[34minfo[39m: GET es /apidocs/swagger-ui.css - 03:39:57
[34minfo[39m: GET es /apidocs/swagger-ui-bundle.js - 03:39:57
[34minfo[39m: GET es /apidocs/swagger-ui-standalone-preset.js - 03:39:57
[34minfo[39m: GET es /apidocs/swagger-ui-init.js - 03:39:57
[34minfo[39m: GET es /apidocs/favicon-32x32.png - 03:39:57
[34minfo[39m: GET es /api/products - 03:40:01
[34minfo[39m: GET es /api/products - 03:40:02
[34minfo[39m: GET es /api/products - 03:40:03
[34minfo[39m: GET es /api/products - 03:40:03
[34minfo[39m: GET es /api/products - 03:40:03
[34minfo[39m: GET es /api/products - 03:40:03
[34minfo[39m: GET es /api/products - 03:40:03
[34minfo[39m: GET es /apidocs/ - 03:40:04
[34minfo[39m: GET es /apidocs/swagger-ui.css - 03:40:04
[34minfo[39m: GET es /apidocs/swagger-ui-bundle.js - 03:40:04
[34minfo[39m: GET es /apidocs/swagger-ui-standalone-preset.js - 03:40:04
[34minfo[39m: GET es /apidocs/swagger-ui-init.js - 03:40:04
[34minfo[39m: GET es /apidocs/favicon-32x32.png - 03:40:04
[34minfo[39m: GET es /apidocs/ - 03:40:16
[34minfo[39m: GET es /apidocs/swagger-ui.css - 03:40:16
[34minfo[39m: GET es /apidocs/swagger-ui-bundle.js - 03:40:16
[34minfo[39m: GET es /apidocs/swagger-ui-standalone-preset.js - 03:40:16
[34minfo[39m: GET es /apidocs/swagger-ui-init.js - 03:40:16
[34minfo[39m: GET es /apidocs/favicon-32x32.png - 03:40:16
[34minfo[39m: GET es /apidocs/ - 03:40:25
[34minfo[39m: GET es /apidocs/swagger-ui.css - 03:40:25
[34minfo[39m: GET es /apidocs/swagger-ui-bundle.js - 03:40:25
[34minfo[39m: GET es /apidocs/swagger-ui-standalone-preset.js - 03:40:25
[34minfo[39m: GET es /apidocs/swagger-ui-init.js - 03:40:25
[34minfo[39m: GET es /apidocs/favicon-32x32.png - 03:40:25
[34minfo[39m: GET es /apidocs/ - 03:40:30
[34minfo[39m: GET es /apidocs/swagger-ui.css - 03:40:30
[34minfo[39m: GET es /apidocs/swagger-ui-bundle.js - 03:40:30
[34minfo[39m: GET es /apidocs/swagger-ui-standalone-preset.js - 03:40:30
[34minfo[39m: GET es /apidocs/swagger-ui-init.js - 03:40:30
[34minfo[39m: GET es /apidocs/favicon-32x32.png - 03:40:30
[34minfo[39m: GET es /apidocs/ - 03:40:31
[34minfo[39m: GET es /apidocs/swagger-ui.css - 03:40:31
[34minfo[39m: GET es /apidocs/swagger-ui-bundle.js - 03:40:31
[34minfo[39m: GET es /apidocs/swagger-ui-standalone-preset.js - 03:40:31
[34minfo[39m: GET es /apidocs/swagger-ui-init.js - 03:40:31
[34minfo[39m: GET es /apidocs/favicon-32x32.png - 03:40:31
[34minfo[39m: GET es /apidocs/ - 03:40:31
[34minfo[39m: GET es /apidocs/swagger-ui.css - 03:40:31
[34minfo[39m: GET es /apidocs/swagger-ui-bundle.js - 03:40:31
[34minfo[39m: GET es /apidocs/swagger-ui-standalone-preset.js - 03:40:31
[34minfo[39m: GET es /apidocs/swagger-ui-init.js - 03:40:31
[34minfo[39m: GET es /apidocs/favicon-32x32.png - 03:40:31
[34minfo[39m: GET es /apidocs/ - 03:40:32
[34minfo[39m: GET es /apidocs/swagger-ui.css - 03:40:32
[34minfo[39m: GET es /apidocs/swagger-ui-bundle.js - 03:40:32
[34minfo[39m: GET es /apidocs/swagger-ui-standalone-preset.js - 03:40:32
[34minfo[39m: GET es /apidocs/swagger-ui-init.js - 03:40:32
[34minfo[39m: GET es /apidocs/favicon-32x32.png - 03:40:32
[34minfo[39m: GET es /apidocs/ - 03:40:47
[34minfo[39m: GET es /apidocs/swagger-ui.css - 03:40:47
[34minfo[39m: GET es /apidocs/swagger-ui-bundle.js - 03:40:47
[34minfo[39m: GET es /apidocs/swagger-ui-standalone-preset.js - 03:40:47
[34minfo[39m: GET es /apidocs/swagger-ui-init.js - 03:40:47
[34minfo[39m: GET es /apidocs/favicon-32x32.png - 03:40:47
[34minfo[39m: GET es /apidocs/ - 03:41:01
[34minfo[39m: GET es /apidocs/swagger-ui.css - 03:41:01
[34minfo[39m: GET es /apidocs/swagger-ui-bundle.js - 03:41:01
[34minfo[39m: GET es /apidocs/swagger-ui-standalone-preset.js - 03:41:01
[34minfo[39m: GET es /apidocs/swagger-ui-init.js - 03:41:01
[34minfo[39m: GET es /apidocs/favicon-32x32.png - 03:41:01
[34minfo[39m: GET es /apidocs/ - 03:41:08
[34minfo[39m: GET es /apidocs/swagger-ui.css - 03:41:09
[34minfo[39m: GET es /apidocs/swagger-ui-bundle.js - 03:41:09
[34minfo[39m: GET es /apidocs/swagger-ui-standalone-preset.js - 03:41:09
[34minfo[39m: GET es /apidocs/swagger-ui-init.js - 03:41:09
[34minfo[39m: GET es /apidocs/favicon-32x32.png - 03:41:09
[34minfo[39m: GET es /api/products/6549e73474ac2f46b11f193b - 03:42:08
[34minfo[39m: GET es /api/products/ - 03:42:33
[34minfo[39m: GET es /apidocs/ - 03:42:34
[34minfo[39m: GET es /apidocs/swagger-ui.css - 03:42:34
[34minfo[39m: GET es /apidocs/swagger-ui-bundle.js - 03:42:34
[34minfo[39m: GET es /apidocs/swagger-ui-standalone-preset.js - 03:42:34
[34minfo[39m: GET es /apidocs/swagger-ui-init.js - 03:42:34
[34minfo[39m: GET es /apidocs/favicon-32x32.png - 03:42:34
[34minfo[39m: GET es /apidocs/ - 03:42:35
[34minfo[39m: GET es /apidocs/swagger-ui.css - 03:42:35
[34minfo[39m: GET es /apidocs/swagger-ui-bundle.js - 03:42:35
[34minfo[39m: GET es /apidocs/swagger-ui-standalone-preset.js - 03:42:35
[34minfo[39m: GET es /apidocs/swagger-ui-init.js - 03:42:35
[34minfo[39m: GET es /apidocs/favicon-32x32.png - 03:42:35
[34minfo[39m: GET es /apidocs/ - 03:42:36
[34minfo[39m: GET es /apidocs/swagger-ui.css - 03:42:36
[34minfo[39m: GET es /apidocs/swagger-ui-bundle.js - 03:42:36
[34minfo[39m: GET es /apidocs/swagger-ui-standalone-preset.js - 03:42:36
[34minfo[39m: GET es /apidocs/swagger-ui-init.js - 03:42:36
[34minfo[39m: GET es /apidocs/favicon-32x32.png - 03:42:36
[34minfo[39m: GET es /apidocs/ - 03:42:38
[34minfo[39m: GET es /apidocs/swagger-ui.css - 03:42:38
[34minfo[39m: GET es /apidocs/swagger-ui-bundle.js - 03:42:38
[34minfo[39m: GET es /apidocs/swagger-ui-standalone-preset.js - 03:42:38
[34minfo[39m: GET es /apidocs/swagger-ui-init.js - 03:42:38
[34minfo[39m: GET es /apidocs/favicon-32x32.png - 03:42:38
[34minfo[39m: GET es /apidocs/ - 03:42:41
[34minfo[39m: GET es /apidocs/swagger-ui.css - 03:42:41
[34minfo[39m: GET es /apidocs/swagger-ui-bundle.js - 03:42:41
[34minfo[39m: GET es /apidocs/swagger-ui-standalone-preset.js - 03:42:41
[34minfo[39m: GET es /apidocs/swagger-ui-init.js - 03:42:41
[34minfo[39m: GET es /apidocs/favicon-32x32.png - 03:42:41
[34minfo[39m: GET es /apidocs/ - 03:43:31
[34minfo[39m: GET es /apidocs/swagger-ui.css - 03:43:31
[34minfo[39m: GET es /apidocs/swagger-ui-bundle.js - 03:43:31
[34minfo[39m: GET es /apidocs/swagger-ui-standalone-preset.js - 03:43:31
[34minfo[39m: GET es /apidocs/swagger-ui-init.js - 03:43:31
[34minfo[39m: GET es /apidocs/favicon-32x32.png - 03:43:31
[34minfo[39m: GET es /apidocs/ - 03:43:32
[34minfo[39m: GET es /apidocs/swagger-ui.css - 03:43:32
[34minfo[39m: GET es /apidocs/swagger-ui-bundle.js - 03:43:32
[34minfo[39m: GET es /apidocs/swagger-ui-standalone-preset.js - 03:43:32
[34minfo[39m: GET es /apidocs/swagger-ui-init.js - 03:43:32
[34minfo[39m: GET es /apidocs/favicon-32x32.png - 03:43:32
[34minfo[39m: GET es /apidocs/ - 03:43:38
[34minfo[39m: GET es /apidocs/swagger-ui.css - 03:43:38
[34minfo[39m: GET es /apidocs/swagger-ui-bundle.js - 03:43:38
[34minfo[39m: GET es /apidocs/swagger-ui-standalone-preset.js - 03:43:38
[34minfo[39m: GET es /apidocs/swagger-ui-init.js - 03:43:38
[34minfo[39m: GET es /apidocs/favicon-32x32.png - 03:43:38
[34minfo[39m: GET es /apidocs/ - 03:43:51
[34minfo[39m: GET es /apidocs/swagger-ui.css - 03:43:52
[34minfo[39m: GET es /apidocs/swagger-ui-bundle.js - 03:43:52
[34minfo[39m: GET es /apidocs/swagger-ui-standalone-preset.js - 03:43:52
[34minfo[39m: GET es /apidocs/swagger-ui-init.js - 03:43:52
[34minfo[39m: GET es /apidocs/favicon-32x32.png - 03:43:52
[34minfo[39m: GET es /apidocs/ - 03:44:18
[34minfo[39m: GET es /apidocs/swagger-ui.css - 03:44:18
[34minfo[39m: GET es /apidocs/swagger-ui-bundle.js - 03:44:18
[34minfo[39m: GET es /apidocs/swagger-ui-standalone-preset.js - 03:44:18
[34minfo[39m: GET es /apidocs/swagger-ui-init.js - 03:44:18
[34minfo[39m: GET es /apidocs/favicon-32x32.png - 03:44:18
[34minfo[39m: GET es /apidocs/ - 03:44:27
[34minfo[39m: GET es /apidocs/swagger-ui.css - 03:44:27
[34minfo[39m: GET es /apidocs/swagger-ui-bundle.js - 03:44:27
[34minfo[39m: GET es /apidocs/swagger-ui-standalone-preset.js - 03:44:27
[34minfo[39m: GET es /apidocs/swagger-ui-init.js - 03:44:27
[34minfo[39m: GET es /apidocs/favicon-32x32.png - 03:44:27
[34minfo[39m: GET es /api/products/ - 03:44:31
[34minfo[39m: GET es /api/products/ - 03:44:32
[34minfo[39m: GET es /api/products/ - 03:44:33
[34minfo[39m: GET es /info - 03:44:42
[34minfo[39m: Info
[34minfo[39m: GET es /apidocs/ - 03:45:01
[34minfo[39m: GET es /apidocs/swagger-ui.css - 03:45:01
[34minfo[39m: GET es /apidocs/swagger-ui-bundle.js - 03:45:01
[34minfo[39m: GET es /apidocs/swagger-ui-standalone-preset.js - 03:45:01
[34minfo[39m: GET es /apidocs/swagger-ui-init.js - 03:45:01
[34minfo[39m: GET es /apidocs/ - 03:46:59
[34minfo[39m: GET es /apidocs/swagger-ui.css - 03:46:59
[34minfo[39m: GET es /apidocs/swagger-ui-bundle.js - 03:46:59
[34minfo[39m: GET es /apidocs/swagger-ui-standalone-preset.js - 03:46:59
[34minfo[39m: GET es /apidocs/swagger-ui-init.js - 03:46:59
[34minfo[39m: GET es /apidocs/favicon-32x32.png - 03:46:59
[34minfo[39m: GET es /apidocs/ - 03:47:02
[34minfo[39m: GET es /apidocs/swagger-ui.css - 03:47:02
[34minfo[39m: GET es /apidocs/swagger-ui-bundle.js - 03:47:02
[34minfo[39m: GET es /apidocs/swagger-ui-standalone-preset.js - 03:47:02
[34minfo[39m: GET es /apidocs/swagger-ui-init.js - 03:47:02
[34minfo[39m: GET es /apidocs/favicon-32x32.png - 03:47:02
[34minfo[39m: GET es /apidocs/ - 03:47:03
[34minfo[39m: GET es /apidocs/swagger-ui.css - 03:47:03
[34minfo[39m: GET es /apidocs/swagger-ui-bundle.js - 03:47:03
[34minfo[39m: GET es /apidocs/swagger-ui-standalone-preset.js - 03:47:03
[34minfo[39m: GET es /apidocs/swagger-ui-init.js - 03:47:03
[34minfo[39m: GET es /apidocs/favicon-32x32.png - 03:47:03
[34minfo[39m: GET es /apidocs/ - 03:47:03
[34minfo[39m: GET es /apidocs/swagger-ui.css - 03:47:03
[34minfo[39m: GET es /apidocs/swagger-ui-bundle.js - 03:47:03
[34minfo[39m: GET es /apidocs/swagger-ui-standalone-preset.js - 03:47:03
[34minfo[39m: GET es /apidocs/swagger-ui-init.js - 03:47:03
[34minfo[39m: GET es /apidocs/favicon-32x32.png - 03:47:03
[34minfo[39m: GET es /apidocs/ - 03:47:03
[34minfo[39m: GET es /apidocs/swagger-ui.css - 03:47:03
[34minfo[39m: GET es /apidocs/swagger-ui-bundle.js - 03:47:03
[34minfo[39m: GET es /apidocs/swagger-ui-standalone-preset.js - 03:47:03
[34minfo[39m: GET es /apidocs/swagger-ui-init.js - 03:47:03
[34minfo[39m: GET es /apidocs/favicon-32x32.png - 03:47:03
[34minfo[39m: GET es /apidocs/ - 03:47:03
[34minfo[39m: GET es /apidocs/swagger-ui.css - 03:47:03
[34minfo[39m: GET es /apidocs/swagger-ui-bundle.js - 03:47:03
[34minfo[39m: GET es /apidocs/swagger-ui-standalone-preset.js - 03:47:03
[34minfo[39m: GET es /apidocs/swagger-ui-init.js - 03:47:03
[34minfo[39m: GET es /apidocs/favicon-32x32.png - 03:47:03
[34minfo[39m: GET es /apidocs/ - 03:47:03
[34minfo[39m: GET es /apidocs/swagger-ui.css - 03:47:03
[34minfo[39m: GET es /apidocs/swagger-ui-bundle.js - 03:47:03
[34minfo[39m: GET es /apidocs/swagger-ui-standalone-preset.js - 03:47:03
[34minfo[39m: GET es /apidocs/swagger-ui-init.js - 03:47:03
[34minfo[39m: GET es /apidocs/favicon-32x32.png - 03:47:04
[34minfo[39m: GET es /api/products/ - 03:47:08
[34minfo[39m: GET es /apidocs/ - 03:47:17
[34minfo[39m: GET es /apidocs/swagger-ui.css - 03:47:17
[34minfo[39m: GET es /apidocs/swagger-ui-bundle.js - 03:47:17
[34minfo[39m: GET es /apidocs/swagger-ui-standalone-preset.js - 03:47:17
[34minfo[39m: GET es /apidocs/swagger-ui-init.js - 03:47:17
[34minfo[39m: GET es /apidocs/favicon-32x32.png - 03:47:17
[34minfo[39m: GET es /apidocs/ - 03:47:18
[34minfo[39m: GET es /apidocs/swagger-ui.css - 03:47:18
[34minfo[39m: GET es /apidocs/swagger-ui-bundle.js - 03:47:18
[34minfo[39m: GET es /apidocs/swagger-ui-standalone-preset.js - 03:47:18
[34minfo[39m: GET es /apidocs/swagger-ui-init.js - 03:47:18
[34minfo[39m: GET es /apidocs/favicon-32x32.png - 03:47:18
[34minfo[39m: GET es /apidocs/ - 03:47:18
[34minfo[39m: GET es /apidocs/swagger-ui.css - 03:47:18
[34minfo[39m: GET es /apidocs/swagger-ui-bundle.js - 03:47:18
[34minfo[39m: GET es /apidocs/swagger-ui-standalone-preset.js - 03:47:18
[34minfo[39m: GET es /apidocs/swagger-ui-init.js - 03:47:18
[34minfo[39m: GET es /apidocs/favicon-32x32.png - 03:47:18
[34minfo[39m: GET es /apidocs/ - 03:47:18
[34minfo[39m: GET es /apidocs/swagger-ui.css - 03:47:18
[34minfo[39m: GET es /apidocs/swagger-ui-bundle.js - 03:47:18
[34minfo[39m: GET es /apidocs/swagger-ui-standalone-preset.js - 03:47:18
[34minfo[39m: GET es /apidocs/swagger-ui-init.js - 03:47:18
[34minfo[39m: GET es /apidocs/favicon-32x32.png - 03:47:18
[34minfo[39m: GET es /apidocs/ - 03:47:19
[34minfo[39m: GET es /apidocs/swagger-ui.css - 03:47:19
[34minfo[39m: GET es /apidocs/swagger-ui-bundle.js - 03:47:19
[34minfo[39m: GET es /apidocs/swagger-ui-standalone-preset.js - 03:47:19
[34minfo[39m: GET es /apidocs/swagger-ui-init.js - 03:47:19
[34minfo[39m: GET es /apidocs/favicon-32x32.png - 03:47:19
[34minfo[39m: GET es /apidocs/ - 03:47:19
[34minfo[39m: GET es /apidocs/swagger-ui.css - 03:47:19
[34minfo[39m: GET es /apidocs/swagger-ui-bundle.js - 03:47:19
[34minfo[39m: GET es /apidocs/swagger-ui-standalone-preset.js - 03:47:19
[34minfo[39m: GET es /apidocs/swagger-ui-init.js - 03:47:19
[34minfo[39m: GET es /apidocs/favicon-32x32.png - 03:47:19
[34minfo[39m: GET es /apidocs/ - 03:47:30
[34minfo[39m: GET es /apidocs/swagger-ui.css - 03:47:30
[34minfo[39m: GET es /apidocs/swagger-ui-bundle.js - 03:47:30
[34minfo[39m: GET es /apidocs/swagger-ui-standalone-preset.js - 03:47:30
[34minfo[39m: GET es /apidocs/swagger-ui-init.js - 03:47:30
[34minfo[39m: GET es /apidocs/favicon-32x32.png - 03:47:30
[34minfo[39m: GET es /apidocs/ - 03:47:33
[34minfo[39m: GET es /apidocs/swagger-ui.css - 03:47:33
[34minfo[39m: GET es /apidocs/swagger-ui-bundle.js - 03:47:33
[34minfo[39m: GET es /apidocs/swagger-ui-standalone-preset.js - 03:47:33
[34minfo[39m: GET es /apidocs/swagger-ui-init.js - 03:47:33
[34minfo[39m: GET es /apidocs/favicon-32x32.png - 03:47:33
[34minfo[39m: GET es /apidocs/ - 03:47:33
[34minfo[39m: GET es /apidocs/swagger-ui.css - 03:47:33
[34minfo[39m: GET es /apidocs/swagger-ui-bundle.js - 03:47:33
[34minfo[39m: GET es /apidocs/swagger-ui-standalone-preset.js - 03:47:33
[34minfo[39m: GET es /apidocs/swagger-ui-init.js - 03:47:33
[34minfo[39m: GET es /apidocs/favicon-32x32.png - 03:47:33
[34minfo[39m: GET es /apidocs/ - 03:47:38
[34minfo[39m: GET es /apidocs/swagger-ui.css - 03:47:38
[34minfo[39m: GET es /apidocs/swagger-ui-bundle.js - 03:47:38
[34minfo[39m: GET es /apidocs/swagger-ui-standalone-preset.js - 03:47:38
[34minfo[39m: GET es /apidocs/swagger-ui-init.js - 03:47:38
[34minfo[39m: GET es /apidocs/favicon-32x32.png - 03:47:38
[34minfo[39m: GET es /apidocs/ - 03:47:55
[34minfo[39m: GET es /apidocs/swagger-ui.css - 03:47:55
[34minfo[39m: GET es /apidocs/swagger-ui-bundle.js - 03:47:55
[34minfo[39m: GET es /apidocs/swagger-ui-standalone-preset.js - 03:47:55
[34minfo[39m: GET es /apidocs/swagger-ui-init.js - 03:47:55
[34minfo[39m: GET es /apidocs/favicon-32x32.png - 03:47:55
[34minfo[39m: GET es /apidocs/ - 03:50:12
[34minfo[39m: GET es /apidocs/swagger-ui.css - 03:50:12
[34minfo[39m: GET es /apidocs/swagger-ui-bundle.js - 03:50:12
[34minfo[39m: GET es /apidocs/swagger-ui-standalone-preset.js - 03:50:12
[34minfo[39m: GET es /apidocs/swagger-ui-init.js - 03:50:12
[34minfo[39m: GET es /apidocs/favicon-32x32.png - 03:50:12
[34minfo[39m: GET es /apidocs/ - 03:50:13
[34minfo[39m: GET es /apidocs/swagger-ui.css - 03:50:13
[34minfo[39m: GET es /apidocs/swagger-ui-bundle.js - 03:50:13
[34minfo[39m: GET es /apidocs/swagger-ui-standalone-preset.js - 03:50:13
[34minfo[39m: GET es /apidocs/swagger-ui-init.js - 03:50:13
[34minfo[39m: GET es /apidocs/favicon-32x32.png - 03:50:13
[34minfo[39m: GET es /apidocs/ - 03:50:23
[34minfo[39m: GET es /apidocs/swagger-ui.css - 03:50:23
[34minfo[39m: GET es /apidocs/swagger-ui-bundle.js - 03:50:23
[34minfo[39m: GET es /apidocs/swagger-ui-standalone-preset.js - 03:50:23
[34minfo[39m: GET es /apidocs/swagger-ui-init.js - 03:50:23
[34minfo[39m: GET es /apidocs/favicon-32x32.png - 03:50:23
[34minfo[39m: GET es /apidocs/ - 03:50:43
[34minfo[39m: GET es /apidocs/swagger-ui.css - 03:50:43
[34minfo[39m: GET es /apidocs/swagger-ui-bundle.js - 03:50:43
[34minfo[39m: GET es /apidocs/swagger-ui-standalone-preset.js - 03:50:43
[34minfo[39m: GET es /apidocs/swagger-ui-init.js - 03:50:43
[34minfo[39m: GET es /apidocs/favicon-32x32.png - 03:50:43
[34minfo[39m: GET es /apidocs/ - 03:50:49
[34minfo[39m: GET es /apidocs/swagger-ui.css - 03:50:49
[34minfo[39m: GET es /apidocs/swagger-ui-bundle.js - 03:50:49
[34minfo[39m: GET es /apidocs/swagger-ui-standalone-preset.js - 03:50:49
[34minfo[39m: GET es /apidocs/swagger-ui-init.js - 03:50:49
[34minfo[39m: GET es /apidocs/favicon-32x32.png - 03:50:49
[34minfo[39m: GET es /apidocs/ - 03:50:49
[34minfo[39m: GET es /apidocs/swagger-ui.css - 03:50:49
[34minfo[39m: GET es /apidocs/swagger-ui-bundle.js - 03:50:49
[34minfo[39m: GET es /apidocs/swagger-ui-standalone-preset.js - 03:50:49
[34minfo[39m: GET es /apidocs/swagger-ui-init.js - 03:50:49
[34minfo[39m: GET es /apidocs/favicon-32x32.png - 03:50:49
[34minfo[39m: GET es /apidocs/ - 03:50:49
[34minfo[39m: GET es /apidocs/swagger-ui.css - 03:50:49
[34minfo[39m: GET es /apidocs/swagger-ui-bundle.js - 03:50:49
[34minfo[39m: GET es /apidocs/swagger-ui-standalone-preset.js - 03:50:49
[34minfo[39m: GET es /apidocs/swagger-ui-init.js - 03:50:49
[34minfo[39m: GET es /apidocs/favicon-32x32.png - 03:50:49
[34minfo[39m: GET es /apidocs/ - 03:50:50
[34minfo[39m: GET es /apidocs/swagger-ui.css - 03:50:50
[34minfo[39m: GET es /apidocs/swagger-ui-bundle.js - 03:50:50
[34minfo[39m: GET es /apidocs/swagger-ui-standalone-preset.js - 03:50:50
[34minfo[39m: GET es /apidocs/swagger-ui-init.js - 03:50:50
[34minfo[39m: GET es /apidocs/favicon-32x32.png - 03:50:50
[34minfo[39m: GET es /apidocs/ - 03:50:50
[34minfo[39m: GET es /apidocs/swagger-ui.css - 03:50:50
[34minfo[39m: GET es /apidocs/swagger-ui-bundle.js - 03:50:50
[34minfo[39m: GET es /apidocs/swagger-ui-standalone-preset.js - 03:50:50
[34minfo[39m: GET es /apidocs/swagger-ui-init.js - 03:50:50
[34minfo[39m: GET es /apidocs/favicon-32x32.png - 03:50:50
[34minfo[39m: GET es /apidocs/ - 03:50:50
[34minfo[39m: GET es /apidocs/swagger-ui.css - 03:50:50
[34minfo[39m: GET es /apidocs/swagger-ui-bundle.js - 03:50:50
[34minfo[39m: GET es /apidocs/swagger-ui-standalone-preset.js - 03:50:50
[34minfo[39m: GET es /apidocs/swagger-ui-init.js - 03:50:50
[34minfo[39m: GET es /apidocs/favicon-32x32.png - 03:50:50
[34minfo[39m: GET es /apidocs/ - 03:51:18
[34minfo[39m: GET es /apidocs/swagger-ui.css - 03:51:18
[34minfo[39m: GET es /apidocs/swagger-ui-bundle.js - 03:51:18
[34minfo[39m: GET es /apidocs/swagger-ui-standalone-preset.js - 03:51:18
[34minfo[39m: GET es /apidocs/swagger-ui-init.js - 03:51:18
[34minfo[39m: GET es /apidocs/favicon-32x32.png - 03:51:18
[34minfo[39m: GET es /apidocs/ - 03:51:25
[34minfo[39m: GET es /apidocs/swagger-ui.css - 03:51:26
[34minfo[39m: GET es /apidocs/swagger-ui-bundle.js - 03:51:26
[34minfo[39m: GET es /apidocs/swagger-ui-standalone-preset.js - 03:51:26
[34minfo[39m: GET es /apidocs/swagger-ui-init.js - 03:51:26
[34minfo[39m: GET es /apidocs/favicon-32x32.png - 03:51:26
[34minfo[39m: GET es /api/products/ - 03:51:36
[34minfo[39m: GET es /api/products/ - 03:51:38
[34minfo[39m: GET es /apidocs/ - 03:51:54
[34minfo[39m: GET es /apidocs/swagger-ui.css - 03:51:54
[34minfo[39m: GET es /apidocs/swagger-ui-bundle.js - 03:51:54
[34minfo[39m: GET es /apidocs/swagger-ui-standalone-preset.js - 03:51:54
[34minfo[39m: GET es /apidocs/swagger-ui-init.js - 03:51:54
[34minfo[39m: GET es /apidocs/favicon-32x32.png - 03:51:54
[34minfo[39m: GET es /apidocs/ - 03:51:57
[34minfo[39m: GET es /apidocs/swagger-ui.css - 03:51:57
[34minfo[39m: GET es /apidocs/swagger-ui-bundle.js - 03:51:57
[34minfo[39m: GET es /apidocs/swagger-ui-standalone-preset.js - 03:51:57
[34minfo[39m: GET es /apidocs/swagger-ui-init.js - 03:51:57
[34minfo[39m: GET es /apidocs/favicon-32x32.png - 03:51:57
[34minfo[39m: GET es /apidocs/ - 03:52:15
[34minfo[39m: GET es /apidocs/swagger-ui.css - 03:52:15
[34minfo[39m: GET es /apidocs/swagger-ui-bundle.js - 03:52:15
[34minfo[39m: GET es /apidocs/swagger-ui-standalone-preset.js - 03:52:15
[34minfo[39m: GET es /apidocs/swagger-ui-init.js - 03:52:15
[34minfo[39m: GET es /apidocs/favicon-32x32.png - 03:52:15
[34minfo[39m: GET es /apidocs/ - 03:52:25
[34minfo[39m: GET es /apidocs/swagger-ui.css - 03:52:26
[34minfo[39m: GET es /apidocs/swagger-ui-bundle.js - 03:52:26
[34minfo[39m: GET es /apidocs/swagger-ui-standalone-preset.js - 03:52:26
[34minfo[39m: GET es /apidocs/swagger-ui-init.js - 03:52:26
[34minfo[39m: GET es /apidocs/favicon-32x32.png - 03:52:26
[34minfo[39m: GET es /apidocs/ - 03:52:26
[34minfo[39m: GET es /apidocs/swagger-ui.css - 03:52:26
[34minfo[39m: GET es /apidocs/swagger-ui-bundle.js - 03:52:26
[34minfo[39m: GET es /apidocs/swagger-ui-standalone-preset.js - 03:52:26
[34minfo[39m: GET es /apidocs/swagger-ui-init.js - 03:52:26
[34minfo[39m: GET es /apidocs/favicon-32x32.png - 03:52:26
[34minfo[39m: GET es /apidocs/ - 03:52:35
[34minfo[39m: GET es /apidocs/swagger-ui.css - 03:52:35
[34minfo[39m: GET es /apidocs/swagger-ui-bundle.js - 03:52:35
[34minfo[39m: GET es /apidocs/swagger-ui-standalone-preset.js - 03:52:35
[34minfo[39m: GET es /apidocs/swagger-ui-init.js - 03:52:35
[34minfo[39m: GET es /apidocs/favicon-32x32.png - 03:52:35
[34minfo[39m: GET es /api/products/ - 03:52:44
[34minfo[39m: GET es /apidocs/ - 03:53:12
[34minfo[39m: GET es /apidocs/swagger-ui.css - 03:53:12
[34minfo[39m: GET es /apidocs/swagger-ui-bundle.js - 03:53:12
[34minfo[39m: GET es /apidocs/swagger-ui-standalone-preset.js - 03:53:12
[34minfo[39m: GET es /apidocs/swagger-ui-init.js - 03:53:12
[34minfo[39m: GET es /apidocs/favicon-32x32.png - 03:53:12
[34minfo[39m: GET es /apidocs/ - 03:53:21
[34minfo[39m: GET es /apidocs/swagger-ui.css - 03:53:21
[34minfo[39m: GET es /apidocs/swagger-ui-bundle.js - 03:53:21
[34minfo[39m: GET es /apidocs/swagger-ui-standalone-preset.js - 03:53:21
[34minfo[39m: GET es /apidocs/swagger-ui-init.js - 03:53:21
[34minfo[39m: GET es /apidocs/favicon-32x32.png - 03:53:21
[34minfo[39m: GET es /apidocs/ - 03:54:20
[34minfo[39m: GET es /apidocs/swagger-ui.css - 03:54:20
[34minfo[39m: GET es /apidocs/swagger-ui-bundle.js - 03:54:20
[34minfo[39m: GET es /apidocs/swagger-ui-standalone-preset.js - 03:54:20
[34minfo[39m: GET es /apidocs/swagger-ui-init.js - 03:54:20
[34minfo[39m: GET es /apidocs/favicon-32x32.png - 03:54:20
[34minfo[39m: GET es /apidocs/ - 03:54:31
[34minfo[39m: GET es /apidocs/swagger-ui.css - 03:54:31
[34minfo[39m: GET es /apidocs/swagger-ui-bundle.js - 03:54:31
[34minfo[39m: GET es /apidocs/swagger-ui-standalone-preset.js - 03:54:31
[34minfo[39m: GET es /apidocs/swagger-ui-init.js - 03:54:31
[34minfo[39m: GET es /apidocs/favicon-32x32.png - 03:54:31
[34minfo[39m: GET es /apidocs/ - 03:54:39
[34minfo[39m: GET es /apidocs/swagger-ui.css - 03:54:39
[34minfo[39m: GET es /apidocs/swagger-ui-bundle.js - 03:54:39
[34minfo[39m: GET es /apidocs/swagger-ui-standalone-preset.js - 03:54:39
[34minfo[39m: GET es /apidocs/swagger-ui-init.js - 03:54:39
[34minfo[39m: GET es /apidocs/favicon-32x32.png - 03:54:39
[34minfo[39m: GET es /apidocs/ - 03:57:50
[34minfo[39m: GET es /apidocs/swagger-ui.css - 03:57:50
[34minfo[39m: GET es /apidocs/swagger-ui-bundle.js - 03:57:50
[34minfo[39m: GET es /apidocs/swagger-ui-standalone-preset.js - 03:57:50
[34minfo[39m: GET es /apidocs/swagger-ui-init.js - 03:57:50
[34minfo[39m: GET es /apidocs/favicon-32x32.png - 03:57:50
[34minfo[39m: GET es /apidocs/ - 03:57:53
[34minfo[39m: GET es /apidocs/swagger-ui.css - 03:57:53
[34minfo[39m: GET es /apidocs/swagger-ui-bundle.js - 03:57:53
[34minfo[39m: GET es /apidocs/swagger-ui-standalone-preset.js - 03:57:53
[34minfo[39m: GET es /apidocs/swagger-ui-init.js - 03:57:53
[34minfo[39m: GET es /apidocs/favicon-32x32.png - 03:57:53
[34minfo[39m: GET es /apidocs/ - 03:58:24
[34minfo[39m: GET es /apidocs/swagger-ui.css - 03:58:24
[34minfo[39m: GET es /apidocs/swagger-ui-bundle.js - 03:58:24
[34minfo[39m: GET es /apidocs/swagger-ui-standalone-preset.js - 03:58:24
[34minfo[39m: GET es /apidocs/swagger-ui-init.js - 03:58:24
[34minfo[39m: GET es /apidocs/favicon-32x32.png - 03:58:24
[34minfo[39m: GET es /apidocs/ - 03:58:33
[34minfo[39m: GET es /apidocs/swagger-ui.css - 03:58:33
[34minfo[39m: GET es /apidocs/swagger-ui-bundle.js - 03:58:33
[34minfo[39m: GET es /apidocs/swagger-ui-standalone-preset.js - 03:58:33
[34minfo[39m: GET es /apidocs/swagger-ui-init.js - 03:58:33
[34minfo[39m: GET es /apidocs/favicon-32x32.png - 03:58:33
[34minfo[39m: GET es /apidocs/ - 03:59:12
[34minfo[39m: GET es /apidocs/swagger-ui.css - 03:59:12
[34minfo[39m: GET es /apidocs/swagger-ui-bundle.js - 03:59:12
[34minfo[39m: GET es /apidocs/swagger-ui-standalone-preset.js - 03:59:12
[34minfo[39m: GET es /apidocs/swagger-ui-init.js - 03:59:12
[34minfo[39m: GET es /apidocs/favicon-32x32.png - 03:59:12
[34minfo[39m: GET es /apidocs/ - 03:59:50
[34minfo[39m: GET es /apidocs/swagger-ui.css - 03:59:50
[34minfo[39m: GET es /apidocs/swagger-ui-bundle.js - 03:59:50
[34minfo[39m: GET es /apidocs/swagger-ui-standalone-preset.js - 03:59:50
[34minfo[39m: GET es /apidocs/swagger-ui-init.js - 03:59:50
[34minfo[39m: GET es /apidocs/favicon-32x32.png - 03:59:50
[34minfo[39m: GET es /apidocs/ - 04:01:40
[34minfo[39m: GET es /apidocs/swagger-ui.css - 04:01:40
[34minfo[39m: GET es /apidocs/swagger-ui-bundle.js - 04:01:40
[34minfo[39m: GET es /apidocs/swagger-ui-standalone-preset.js - 04:01:40
[34minfo[39m: GET es /apidocs/swagger-ui-init.js - 04:01:40
[34minfo[39m: GET es /apidocs/favicon-32x32.png - 04:01:41
[34minfo[39m: GET es /api/products/%7Bpid%7D - 04:02:17
[34minfo[39m: GET es /api/products/%7Bpid%7D - 04:02:21
[34minfo[39m: GET es /api/products/%7Bpid%7D - 04:02:58
[34minfo[39m: GET es /api/products/%7Bpid%7D - 04:03:15
[34minfo[39m: GET es /api/products - 04:03:31
[34minfo[39m: GET es /api/products/%7Bpid%7D - 04:03:36
[34minfo[39m: GET es /apidocs/ - 04:10:37
[34minfo[39m: GET es /apidocs/swagger-ui.css - 04:10:37
[34minfo[39m: GET es /apidocs/swagger-ui-bundle.js - 04:10:37
[34minfo[39m: GET es /apidocs/swagger-ui-standalone-preset.js - 04:10:37
[34minfo[39m: GET es /apidocs/swagger-ui-init.js - 04:10:37
[34minfo[39m: GET es /apidocs/favicon-32x32.png - 04:10:37
[34minfo[39m: GET es /apidocs/ - 04:10:43
[34minfo[39m: GET es /apidocs/swagger-ui.css - 04:10:43
[34minfo[39m: GET es /apidocs/swagger-ui-bundle.js - 04:10:43
[34minfo[39m: GET es /apidocs/swagger-ui-standalone-preset.js - 04:10:43
[34minfo[39m: GET es /apidocs/swagger-ui-init.js - 04:10:43
[34minfo[39m: GET es /apidocs/favicon-32x32.png - 04:10:43
[34minfo[39m: POST es /api/products/ - 04:12:05
[34minfo[39m: GET es /apidocs/ - 04:14:52
[34minfo[39m: GET es /apidocs/swagger-ui.css - 04:14:52
[34minfo[39m: GET es /apidocs/swagger-ui-bundle.js - 04:14:52
[34minfo[39m: GET es /apidocs/swagger-ui-standalone-preset.js - 04:14:52
[34minfo[39m: GET es /apidocs/swagger-ui-init.js - 04:14:52
[34minfo[39m: GET es /apidocs/favicon-32x32.png - 04:14:52
[34minfo[39m: GET es /apidocs/ - 04:16:18
[34minfo[39m: GET es /apidocs/swagger-ui.css - 04:16:18
[34minfo[39m: GET es /apidocs/swagger-ui-bundle.js - 04:16:18
[34minfo[39m: GET es /apidocs/swagger-ui-standalone-preset.js - 04:16:18
[34minfo[39m: GET es /apidocs/swagger-ui-init.js - 04:16:18
[34minfo[39m: GET es /apidocs/favicon-32x32.png - 04:16:18
[34minfo[39m: GET es /apidocs/ - 04:16:18
[34minfo[39m: GET es /apidocs/swagger-ui.css - 04:16:18
[34minfo[39m: GET es /apidocs/swagger-ui-bundle.js - 04:16:18
[34minfo[39m: GET es /apidocs/swagger-ui-standalone-preset.js - 04:16:18
[34minfo[39m: GET es /apidocs/swagger-ui-init.js - 04:16:18
[34minfo[39m: GET es /apidocs/favicon-32x32.png - 04:16:18
[34minfo[39m: GET es /apidocs/ - 04:16:20
[34minfo[39m: GET es /apidocs/swagger-ui.css - 04:16:20
[34minfo[39m: GET es /apidocs/swagger-ui-bundle.js - 04:16:20
[34minfo[39m: GET es /apidocs/swagger-ui-standalone-preset.js - 04:16:20
[34minfo[39m: GET es /apidocs/swagger-ui-init.js - 04:16:20
[34minfo[39m: GET es /apidocs/favicon-32x32.png - 04:16:20
[34minfo[39m: GET es /apidocs/ - 04:16:27
[34minfo[39m: GET es /apidocs/swagger-ui.css - 04:16:27
[34minfo[39m: GET es /apidocs/swagger-ui-bundle.js - 04:16:27
[34minfo[39m: GET es /apidocs/swagger-ui-standalone-preset.js - 04:16:27
[34minfo[39m: GET es /apidocs/swagger-ui-init.js - 04:16:27
[34minfo[39m: GET es /apidocs/favicon-32x32.png - 04:16:27
[34minfo[39m: GET es /apidocs/ - 04:18:37
[34minfo[39m: GET es /apidocs/swagger-ui.css - 04:18:37
[34minfo[39m: GET es /apidocs/swagger-ui-bundle.js - 04:18:37
[34minfo[39m: GET es /apidocs/swagger-ui-standalone-preset.js - 04:18:37
[34minfo[39m: GET es /apidocs/swagger-ui-init.js - 04:18:37
[34minfo[39m: GET es /apidocs/favicon-32x32.png - 04:18:38
[34minfo[39m: GET es /apidocs/ - 04:19:53
[34minfo[39m: GET es /apidocs/swagger-ui.css - 04:19:53
[34minfo[39m: GET es /apidocs/swagger-ui-bundle.js - 04:19:53
[34minfo[39m: GET es /apidocs/swagger-ui-standalone-preset.js - 04:19:53
[34minfo[39m: GET es /apidocs/swagger-ui-init.js - 04:19:53
[34minfo[39m: GET es /apidocs/favicon-32x32.png - 04:19:53
[34minfo[39m: GET es /apidocs/ - 04:19:58
[34minfo[39m: GET es /apidocs/swagger-ui.css - 04:19:58
[34minfo[39m: GET es /apidocs/swagger-ui-bundle.js - 04:19:58
[34minfo[39m: GET es /apidocs/swagger-ui-standalone-preset.js - 04:19:58
[34minfo[39m: GET es /apidocs/swagger-ui-init.js - 04:19:58
[34minfo[39m: GET es /apidocs/favicon-32x32.png - 04:19:58
[34minfo[39m: GET es /apidocs/ - 04:23:05
[34minfo[39m: GET es /apidocs/swagger-ui.css - 04:23:05
[34minfo[39m: GET es /apidocs/swagger-ui-bundle.js - 04:23:05
[34minfo[39m: GET es /apidocs/swagger-ui-standalone-preset.js - 04:23:05
[34minfo[39m: GET es /apidocs/swagger-ui-init.js - 04:23:05
[34minfo[39m: GET es /apidocs/favicon-32x32.png - 04:23:05
[34minfo[39m: GET es /apidocs/ - 04:25:44
[34minfo[39m: GET es /apidocs/swagger-ui.css - 04:25:44
[34minfo[39m: GET es /apidocs/swagger-ui-bundle.js - 04:25:44
[34minfo[39m: GET es /apidocs/swagger-ui-standalone-preset.js - 04:25:44
[34minfo[39m: GET es /apidocs/swagger-ui-init.js - 04:25:44
[34minfo[39m: GET es /apidocs/favicon-32x32.png - 04:25:44
[34minfo[39m: GET es /carts - 04:26:29
[34minfo[39m: GET es /api/carts - 04:26:37
[34minfo[39m: GET es /api/carts/6503e2d1df337348bd9681e2 - 04:26:43
